Using pre-set license
Built from '2020.3/release' branch; Version is '2020.3.1f1 (77a89f25062f) revision 7841951'; Using compiler version '192528614'; Build Type 'Release'
OS: 'Windows 10 Home; OS build 19042.867; Version 2009; 64bit' Language: 'en' Physical Memory: 16166 MB
BatchMode: 1, IsHumanControllingUs: 0, StartBugReporterOnCrash: 0, Is64bit: 1, IsPro: 0

 COMMAND LINE ARGUMENTS:
C:\Program Files\Unity\Hub\Editor\2020.3.1f1\Editor\Unity.exe
-adb2
-batchMode
-noUpm
-name
AssetImportWorker0
-projectPath
C:/Users/Aneita/Saved Games/Unity stuff/Wormmon Dress Up Game
-logFile
Logs/AssetImportWorker0.log
-srvPort
57063
Successfully changed project path to: C:/Users/Aneita/Saved Games/Unity stuff/Wormmon Dress Up Game
C:/Users/Aneita/Saved Games/Unity stuff/Wormmon Dress Up Game
Using Asset Import Pipeline V2.
Refreshing native plugins compatible for Editor in 38.71 ms, found 1 plugins.
Preloading 0 native plugins for Editor in 0.00 ms.
Initialize engine version: 2020.3.1f1 (77a89f25062f)
[Subsystems] Discovering subsystems at path C:/Program Files/Unity/Hub/Editor/2020.3.1f1/Editor/Data/Resources/UnitySubsystems
[Subsystems] Discovering subsystems at path C:/Users/Aneita/Saved Games/Unity stuff/Wormmon Dress Up Game/Assets
GfxDevice: creating device client; threaded=0
Direct3D:
    Version:  Direct3D 11.0 [level 11.1]
    Renderer: NVIDIA GeForce RTX 2070 with Max-Q Design (ID=0x1f14)
    Vendor:   
    VRAM:     8031 MB
    Driver:   27.21.14.6172
Initialize mono
Mono path[0] = 'C:/Program Files/Unity/Hub/Editor/2020.3.1f1/Editor/Data/Managed'
Mono path[1] = 'C:/Program Files/Unity/Hub/Editor/2020.3.1f1/Editor/Data/MonoBleedingEdge/lib/mono/unityjit'
Mono config path = 'C:/Program Files/Unity/Hub/Editor/2020.3.1f1/Editor/Data/MonoBleedingEdge/etc'
Using monoOptions --debugger-agent=transport=dt_socket,embedding=1,server=y,suspend=n,address=127.0.0.1:56232
Begin MonoManager ReloadAssembly
Registering precompiled unity dll's ...
Register platform support module: C:/Program Files/Unity/Hub/Editor/2020.3.1f1/Editor/Data/PlaybackEngines/WebGLSupport/UnityEditor.WebGL.Extensions.dll
Register platform support module: C:/Program Files/Unity/Hub/Editor/2020.3.1f1/Editor/Data/PlaybackEngines/WindowsStandaloneSupport/UnityEditor.WindowsStandalone.Extensions.dll
Registered in 0.002518 seconds.
Native extension for WindowsStandalone target not found
Native extension for WebGL target not found
Refreshing native plugins compatible for Editor in 44.05 ms, found 1 plugins.
Preloading 0 native plugins for Editor in 0.00 ms.
Invoked RoslynAnalysisRunner static constructor.
RoslynAnalysisRunner will not be running.
RoslynAnalysisRunner has terminated.
Mono: successfully reloaded assembly
- Completed reload, in  1.976 seconds
Platform modules already initialized, skipping
Registering precompiled user dll's ...
Registered in 0.001267 seconds.
Begin MonoManager ReloadAssembly
Native extension for WindowsStandalone target not found
Native extension for WebGL target not found
Refreshing native plugins compatible for Editor in 38.16 ms, found 1 plugins.
Preloading 0 native plugins for Editor in 0.00 ms.
Invoked RoslynAnalysisRunner static constructor.
RoslynAnalysisRunner will not be running.
RoslynAnalysisRunner has terminated.
Mono: successfully reloaded assembly
- Completed reload, in  0.945 seconds
Platform modules already initialized, skipping
========================================================================
Worker process is ready to serve import requests
Launched and connected shader compiler UnityShaderCompiler.exe after 0.04 seconds
Refreshing native plugins compatible for Editor in 0.33 ms, found 1 plugins.
Preloading 0 native plugins for Editor in 0.00 ms.
Unloading 1821 Unused Serialized files (Serialized files now loaded: 0)
System memory in use before: 86.4 MB.
System memory in use after: 86.5 MB.

Unloading 19 unused Assets to reduce memory usage. Loaded Objects now: 2268.
Total: 3.118300 ms (FindLiveObjects: 0.311500 ms CreateObjectMapping: 0.120700 ms MarkObjects: 2.601200 ms  DeleteObjects: 0.083400 ms)

========================================================================
Received Import Request.
  path: Assets/Start Screen.png
  artifactKey: Guid(2ff57b46528494947954f5c57a8d4e04) Importer(815301076,1909f56bfc062723c751e8b465ee728b)
Start importing Assets/Start Screen.png using Guid(2ff57b46528494947954f5c57a8d4e04) Importer(815301076,1909f56bfc062723c751e8b465ee728b)  -> (artifact id: 'ec2bdecb197fbe0612e63a5df2cb73c1') in 0.123320 seconds
  Import took 0.127322 seconds .

========================================================================
Received Import Request.
  Time since last request: 0.000185 seconds.
  path: Assets/Wormmon- Dress Up Game (Blank).png
  artifactKey: Guid(be349140feb89c04a89ffc10e1b0c457) Importer(815301076,1909f56bfc062723c751e8b465ee728b)
Start importing Assets/Wormmon- Dress Up Game (Blank).png using Guid(be349140feb89c04a89ffc10e1b0c457) Importer(815301076,1909f56bfc062723c751e8b465ee728b)  -> (artifact id: '81bde7b9fea547811503f64382c0f2bd') in 0.024931 seconds
  Import took 0.029839 seconds .

========================================================================
Received Import Request.
  Time since last request: 0.000151 seconds.
  path: Assets/Wormmon- Start Menu.png
  artifactKey: Guid(6b5ea2ac3e4be3f44b94e2a474883572) Importer(815301076,1909f56bfc062723c751e8b465ee728b)
Start importing Assets/Wormmon- Start Menu.png using Guid(6b5ea2ac3e4be3f44b94e2a474883572) Importer(815301076,1909f56bfc062723c751e8b465ee728b)  -> (artifact id: 'e90ee60a174f258913bda53de0ddd839') in 0.027025 seconds
  Import took 0.031133 seconds .

========================================================================
Received Import Request.
  Time since last request: 0.000177 seconds.
  path: Assets/Background.png
  artifactKey: Guid(78cc728ff9d979148bcbce2f88b5246a) Importer(815301076,1909f56bfc062723c751e8b465ee728b)
Start importing Assets/Background.png using Guid(78cc728ff9d979148bcbce2f88b5246a) Importer(815301076,1909f56bfc062723c751e8b465ee728b)  -> (artifact id: 'e1352dee71e1e88b54d5a2244f73e05c') in 0.026847 seconds
  Import took 0.031603 seconds .

========================================================================
Received Import Request.
  Time since last request: 0.000259 seconds.
  path: Assets/Button R.png
  artifactKey: Guid(f40839c5227e830449f484c6c52298ef) Importer(815301076,1909f56bfc062723c751e8b465ee728b)
Start importing Assets/Button R.png using Guid(f40839c5227e830449f484c6c52298ef) Importer(815301076,1909f56bfc062723c751e8b465ee728b)  -> (artifact id: 'd1a5a2077cc6ed2b0af3abea1375ad84') in 0.022550 seconds
  Import took 0.026698 seconds .

========================================================================
Received Import Request.
  Time since last request: 0.000171 seconds.
  path: Assets/Button L.png
  artifactKey: Guid(22d4957de06f6f648a9ce17ce39244cf) Importer(815301076,1909f56bfc062723c751e8b465ee728b)
Start importing Assets/Button L.png using Guid(22d4957de06f6f648a9ce17ce39244cf) Importer(815301076,1909f56bfc062723c751e8b465ee728b)  -> (artifact id: '0fe1e745803ced2dd1bb90c8f031c824') in 0.023347 seconds
  Import took 0.026298 seconds .

========================================================================
Received Import Request.
  Time since last request: 0.000174 seconds.
  path: Assets/Wormmon- Dress Up Game.png
  artifactKey: Guid(2197f3cadc1796b4a97f6777c954cf13) Importer(815301076,1909f56bfc062723c751e8b465ee728b)
Start importing Assets/Wormmon- Dress Up Game.png using Guid(2197f3cadc1796b4a97f6777c954cf13) Importer(815301076,1909f56bfc062723c751e8b465ee728b)  -> (artifact id: 'abc1b5dd8225298515c7250b820dc9d8') in 0.030031 seconds
  Import took 0.033474 seconds .

AssetImportWorkerClient::OnTransportError - code=2 error=End of file
